{
  "RSpec": {
    "coverage": {
      "/Users/Bibs/Documents/MakersAcademy/takeaway/lib/messenger.rb": [
        1,
        1,
        null,
        1,
        null,
        1,
        null,
        1,
        2,
        1,
        1,
        1,
        1,
        null,
        null,
        null,
        null,
        null,
        null,
        null,
        null,
        null,
        null,
        null,
        null,
        null,
        null,
        null,
        null
      ],
      "/Users/Bibs/Documents/MakersAcademy/takeaway/lib/restaurant.rb": [
        1,
        1,
        null,
        1,
        null,
        1,
        null,
        1,
        null,
        1,
        5,
        5,
        null,
        null,
        1,
        2,
        null,
        null,
        1,
        2,
        1,
        1,
        null,
        0,
        null,
        null,
        null
      ]
    },
    "timestamp": 1425910339
  }
}
